<?xml version="1.0" encoding="UTF-8"?>
<testsuite name="com.me.book.springboot.HelloControllerTest" tests="2" skipped="0" failures="0" errors="0" timestamp="2022-04-20T09:47:38" hostname="gimsubin-ui-MacBookAir.local" time="0.091">
  <properties/>
  <testcase name="hello가_리턴된다" classname="com.me.book.springboot.HelloControllerTest" time="0.036"/>
  <testcase name="helloDto가_리턴된다" classname="com.me.book.springboot.HelloControllerTest" time="0.051"/>
  <system-out><![CDATA[2022-04-20 18:47:37.858  INFO 1226 --- [    Test worker] .b.t.a.w.s.WebMvcTestContextBootstrapper : Neither @ContextConfiguration nor @ContextHierarchy found for test class [com.me.book.springboot.HelloControllerTest], using SpringBootContextLoader
2022-04-20 18:47:37.860  INFO 1226 --- [    Test worker] o.s.t.c.support.AbstractContextLoader    : Could not detect default resource locations for test class [com.me.book.springboot.HelloControllerTest]: no resource found for suffixes {-context.xml, Context.groovy}.
2022-04-20 18:47:37.860  INFO 1226 --- [    Test worker] t.c.s.AnnotationConfigContextLoaderUtils : Could not detect default configuration classes for test class [com.me.book.springboot.HelloControllerTest]: HelloControllerTest does not declare any static, non-private, non-final, nested classes annotated with @Configuration.
2022-04-20 18:47:37.893  INFO 1226 --- [    Test worker] .b.t.c.SpringBootTestContextBootstrapper : Found @SpringBootConfiguration com.me.book.springboot.Application for test class com.me.book.springboot.HelloControllerTest
2022-04-20 18:47:37.897  INFO 1226 --- [    Test worker] .b.t.a.w.s.WebMvcTestContextBootstrapper : Loaded default TestExecutionListener class names from location [META-INF/spring.factories]: [org.springframework.security.test.context.support.WithSecurityContextTestExecutionListener, org.springframework.security.test.context.support.ReactorContextTestExecutionListener, org.springframework.boot.test.autoconfigure.restdocs.RestDocsTestExecutionListener, org.springframework.boot.test.autoconfigure.web.client.MockRestServiceServerResetTestExecutionListener, org.springframework.boot.test.autoconfigure.web.servlet.MockMvcPrintOnlyOnFailureTestExecutionListener, org.springframework.boot.test.autoconfigure.web.servlet.WebDriverTestExecutionListener, org.springframework.boot.test.mock.mockito.MockitoTestExecutionListener, org.springframework.boot.test.mock.mockito.ResetMocksTestExecutionListener, org.springframework.test.context.web.ServletTestExecutionListener, org.springframework.test.context.support.DirtiesContextBeforeModesTestExecutionListener, org.springframework.test.context.support.DependencyInjectionTestExecutionListener, org.springframework.test.context.support.DirtiesContextTestExecutionListener, org.springframework.test.context.transaction.TransactionalTestExecutionListener, org.springframework.test.context.jdbc.SqlScriptsTestExecutionListener]
2022-04-20 18:47:37.897  INFO 1226 --- [    Test worker] .b.t.a.w.s.WebMvcTestContextBootstrapper : Using TestExecutionListeners: [org.springframework.test.context.web.ServletTestExecutionListener@3c339c8d, org.springframework.test.context.support.DirtiesContextBeforeModesTestExecutionListener@1e0e6b56, org.springframework.boot.test.mock.mockito.MockitoTestExecutionListener@384130f6, org.springframework.boot.test.autoconfigure.SpringBootDependencyInjectionTestExecutionListener@4d992124, org.springframework.test.context.support.DirtiesContextTestExecutionListener@6dee1bee, org.springframework.test.context.transaction.TransactionalTestExecutionListener@5799de, org.springframework.test.context.jdbc.SqlScriptsTestExecutionListener@3120cfa2, org.springframework.security.test.context.support.WithSecurityContextTestExecutionListener@35b458a3, org.springframework.security.test.context.support.ReactorContextTestExecutionListener@28980490, org.springframework.boot.test.autoconfigure.restdocs.RestDocsTestExecutionListener@143df134, org.springframework.boot.test.autoconfigure.web.client.MockRestServiceServerResetTestExecutionListener@235771ce, org.springframework.boot.test.autoconfigure.web.servlet.MockMvcPrintOnlyOnFailureTestExecutionListener@34b14447, org.springframework.boot.test.autoconfigure.web.servlet.WebDriverTestExecutionListener@5ce56ac5, org.springframework.boot.test.mock.mockito.ResetMocksTestExecutionListener@27aa843c]

  .   ____          _            __ _ _
 /\\ / ___'_ __ _ _(_)_ __  __ _ \ \ \ \
( ( )\___ | '_ | '_| | '_ \/ _` | \ \ \ \
 \\/  ___)| |_)| | | | | || (_| |  ) ) ) )
  '  |____| .__|_| |_|_| |_\__, | / / / /
 =========|_|==============|___/=/_/_/_/
 :: Spring Boot ::        (v2.1.7.RELEASE)

2022-04-20 18:47:37.938  INFO 1226 --- [    Test worker] c.m.book.springboot.HelloControllerTest  : Starting HelloControllerTest on gimsubin-ui-MacBookAir.local with PID 1226 (started by kimsubeen in /Users/kimsubeen/IdeaProjects/springboot-webservice/springboot-webservice)
2022-04-20 18:47:37.941  INFO 1226 --- [    Test worker] c.m.book.springboot.HelloControllerTest  : No active profile set, falling back to default profiles: default
2022-04-20 18:47:38.376  INFO 1226 --- [    Test worker] o.s.s.concurrent.ThreadPoolTaskExecutor  : Initializing ExecutorService 'applicationTaskExecutor'
2022-04-20 18:47:38.406  INFO 1226 --- [    Test worker] o.s.b.a.w.s.WelcomePageHandlerMapping    : Adding welcome page template: index
2022-04-20 18:47:38.562  INFO 1226 --- [    Test worker] .s.s.UserDetailsServiceAutoConfiguration : 

Using generated security password: 1f6c81cf-5e4f-47ba-a0a4-cea9046031fe

2022-04-20 18:47:38.630  INFO 1226 --- [    Test worker] o.s.s.web.DefaultSecurityFilterChain     : Creating filter chain: any request, [org.springframework.security.web.context.request.async.WebAsyncManagerIntegrationFilter@6c200f52, org.springframework.security.web.context.SecurityContextPersistenceFilter@51d2c762, org.springframework.security.web.header.HeaderWriterFilter@31f49f41, org.springframework.security.web.csrf.CsrfFilter@41ff7469, org.springframework.security.web.authentication.logout.LogoutFilter@686c44a6, org.springframework.security.web.authentication.UsernamePasswordAuthenticationFilter@6d369a5, org.springframework.security.web.authentication.ui.DefaultLoginPageGeneratingFilter@66b110b6, org.springframework.security.web.authentication.ui.DefaultLogoutPageGeneratingFilter@6e6075a, org.springframework.security.web.authentication.www.BasicAuthenticationFilter@76238d5, org.springframework.security.web.savedrequest.RequestCacheAwareFilter@6f6de950, org.springframework.security.web.servletapi.SecurityContextHolderAwareRequestFilter@7a766d6b, org.springframework.security.web.authentication.AnonymousAuthenticationFilter@105423c3, org.springframework.security.web.session.SessionManagementFilter@b92e92a, org.springframework.security.web.access.ExceptionTranslationFilter@7c684d2d, org.springframework.security.web.access.intercept.FilterSecurityInterceptor@36b801ea]
2022-04-20 18:47:38.640  INFO 1226 --- [    Test worker] o.s.b.t.m.w.SpringBootMockServletContext : Initializing Spring TestDispatcherServlet ''
2022-04-20 18:47:38.640  INFO 1226 --- [    Test worker] o.s.t.web.servlet.TestDispatcherServlet  : Initializing Servlet ''
2022-04-20 18:47:38.655  INFO 1226 --- [    Test worker] o.s.t.web.servlet.TestDispatcherServlet  : Completed initialization in 14 ms
2022-04-20 18:47:38.684  INFO 1226 --- [    Test worker] c.m.book.springboot.HelloControllerTest  : Started HelloControllerTest in 0.78 seconds (JVM running for 15.349)
]]></system-out>
  <system-err><![CDATA[]]></system-err>
</testsuite>
