<?xml version="1.0" encoding="UTF-8"?>
<testsuite name="com.me.book.springboot.web.IndexControllerTest" tests="1" skipped="0" failures="0" errors="0" timestamp="2022-04-14T09:52:49" hostname="gimsubin-ui-MacBookAir.local" time="0.585">
  <properties/>
  <testcase name="메인페이지_로딩" classname="com.me.book.springboot.web.IndexControllerTest" time="0.585"/>
  <system-out><![CDATA[18:52:39.526 [Test worker] DEBUG org.springframework.test.context.junit4.SpringJUnit4ClassRunner - SpringJUnit4ClassRunner constructor called with [class com.me.book.springboot.web.IndexControllerTest]
18:52:39.530 [Test worker] DEBUG org.springframework.test.context.BootstrapUtils - Instantiating CacheAwareContextLoaderDelegate from class [org.springframework.test.context.cache.DefaultCacheAwareContextLoaderDelegate]
18:52:39.537 [Test worker] DEBUG org.springframework.test.context.BootstrapUtils - Instantiating BootstrapContext using constructor [public org.springframework.test.context.support.DefaultBootstrapContext(java.lang.Class,org.springframework.test.context.CacheAwareContextLoaderDelegate)]
18:52:39.560 [Test worker] DEBUG org.springframework.test.context.BootstrapUtils - Instantiating TestContextBootstrapper for test class [com.me.book.springboot.web.IndexControllerTest] from class [org.springframework.boot.test.context.SpringBootTestContextBootstrapper]
18:52:39.569 [Test worker] INFO org.springframework.boot.test.context.SpringBootTestContextBootstrapper - Neither @ContextConfiguration nor @ContextHierarchy found for test class [com.me.book.springboot.web.IndexControllerTest], using SpringBootContextLoader
18:52:39.571 [Test worker] DEBUG org.springframework.test.context.support.AbstractContextLoader - Did not detect default resource location for test class [com.me.book.springboot.web.IndexControllerTest]: class path resource [com/me/book/springboot/web/IndexControllerTest-context.xml] does not exist
18:52:39.571 [Test worker] DEBUG org.springframework.test.context.support.AbstractContextLoader - Did not detect default resource location for test class [com.me.book.springboot.web.IndexControllerTest]: class path resource [com/me/book/springboot/web/IndexControllerTestContext.groovy] does not exist
18:52:39.571 [Test worker] INFO org.springframework.test.context.support.AbstractContextLoader - Could not detect default resource locations for test class [com.me.book.springboot.web.IndexControllerTest]: no resource found for suffixes {-context.xml, Context.groovy}.
18:52:39.572 [Test worker] INFO org.springframework.test.context.support.AnnotationConfigContextLoaderUtils - Could not detect default configuration classes for test class [com.me.book.springboot.web.IndexControllerTest]: IndexControllerTest does not declare any static, non-private, non-final, nested classes annotated with @Configuration.
18:52:39.620 [Test worker] DEBUG org.springframework.test.context.support.ActiveProfilesUtils - Could not find an 'annotation declaring class' for annotation type [org.springframework.test.context.ActiveProfiles] and class [com.me.book.springboot.web.IndexControllerTest]
18:52:39.800 [Test worker] DEBUG org.springframework.context.annotation.ClassPathScanningCandidateComponentProvider - Identified candidate component class: file [/Users/kimsubeen/IdeaProjects/springboot-webservice/springboot-webservice/build/classes/java/main/com/me/book/springboot/Application.class]
18:52:39.803 [Test worker] INFO org.springframework.boot.test.context.SpringBootTestContextBootstrapper - Found @SpringBootConfiguration com.me.book.springboot.Application for test class com.me.book.springboot.web.IndexControllerTest
18:52:39.940 [Test worker] DEBUG org.springframework.boot.test.context.SpringBootTestContextBootstrapper - @TestExecutionListeners is not present for class [com.me.book.springboot.web.IndexControllerTest]: using defaults.
18:52:39.942 [Test worker] INFO org.springframework.boot.test.context.SpringBootTestContextBootstrapper - Loaded default TestExecutionListener class names from location [META-INF/spring.factories]: [org.springframework.security.test.context.support.WithSecurityContextTestExecutionListener, org.springframework.security.test.context.support.ReactorContextTestExecutionListener, org.springframework.boot.test.autoconfigure.restdocs.RestDocsTestExecutionListener, org.springframework.boot.test.autoconfigure.web.client.MockRestServiceServerResetTestExecutionListener, org.springframework.boot.test.autoconfigure.web.servlet.MockMvcPrintOnlyOnFailureTestExecutionListener, org.springframework.boot.test.autoconfigure.web.servlet.WebDriverTestExecutionListener, org.springframework.boot.test.mock.mockito.MockitoTestExecutionListener, org.springframework.boot.test.mock.mockito.ResetMocksTestExecutionListener, org.springframework.test.context.web.ServletTestExecutionListener, org.springframework.test.context.support.DirtiesContextBeforeModesTestExecutionListener, org.springframework.test.context.support.DependencyInjectionTestExecutionListener, org.springframework.test.context.support.DirtiesContextTestExecutionListener, org.springframework.test.context.transaction.TransactionalTestExecutionListener, org.springframework.test.context.jdbc.SqlScriptsTestExecutionListener]
18:52:39.957 [Test worker] INFO org.springframework.boot.test.context.SpringBootTestContextBootstrapper - Using TestExecutionListeners: [org.springframework.test.context.web.ServletTestExecutionListener@63c45a18, org.springframework.test.context.support.DirtiesContextBeforeModesTestExecutionListener@4af3d544, org.springframework.boot.test.mock.mockito.MockitoTestExecutionListener@a30fc86, org.springframework.boot.test.autoconfigure.SpringBootDependencyInjectionTestExecutionListener@3d67c584, org.springframework.test.context.support.DirtiesContextTestExecutionListener@7c325caa, org.springframework.test.context.transaction.TransactionalTestExecutionListener@283fef9d, org.springframework.test.context.jdbc.SqlScriptsTestExecutionListener@2566e2d0, org.springframework.security.test.context.support.WithSecurityContextTestExecutionListener@26ae481d, org.springframework.security.test.context.support.ReactorContextTestExecutionListener@4817876e, org.springframework.boot.test.autoconfigure.restdocs.RestDocsTestExecutionListener@1f03daf6, org.springframework.boot.test.autoconfigure.web.client.MockRestServiceServerResetTestExecutionListener@d61dba4, org.springframework.boot.test.autoconfigure.web.servlet.MockMvcPrintOnlyOnFailureTestExecutionListener@595b84b5, org.springframework.boot.test.autoconfigure.web.servlet.WebDriverTestExecutionListener@2d035407, org.springframework.boot.test.mock.mockito.ResetMocksTestExecutionListener@2c56ef3b]
18:52:39.959 [Test worker] DEBUG org.springframework.test.annotation.ProfileValueUtils - Retrieved @ProfileValueSourceConfiguration [null] for test class [com.me.book.springboot.web.IndexControllerTest]
18:52:39.960 [Test worker] DEBUG org.springframework.test.annotation.ProfileValueUtils - Retrieved ProfileValueSource type [class org.springframework.test.annotation.SystemProfileValueSource] for class [com.me.book.springboot.web.IndexControllerTest]
18:52:39.960 [Test worker] DEBUG org.springframework.test.annotation.ProfileValueUtils - Retrieved @ProfileValueSourceConfiguration [null] for test class [com.me.book.springboot.web.IndexControllerTest]
18:52:39.960 [Test worker] DEBUG org.springframework.test.annotation.ProfileValueUtils - Retrieved ProfileValueSource type [class org.springframework.test.annotation.SystemProfileValueSource] for class [com.me.book.springboot.web.IndexControllerTest]
18:52:39.964 [Test worker] DEBUG org.springframework.test.context.support.AbstractDirtiesContextTestExecutionListener - Before test class: context [DefaultTestContext@47c5cb86 testClass = IndexControllerTest, testInstance = [null], testMethod = [null], testException = [null], mergedContextConfiguration = [WebMergedContextConfiguration@66a1876c testClass = IndexControllerTest, locations = '{}', classes = '{class com.me.book.springboot.Application}', contextInitializerClasses = '[]', activeProfiles = '{}', propertySourceLocations = '{}', propertySourceProperties = '{org.springframework.boot.test.context.SpringBootTestContextBootstrapper=true, server.port=0}', contextCustomizers = set[org.springframework.boot.test.autoconfigure.properties.PropertyMappingContextCustomizer@0, org.springframework.boot.test.autoconfigure.web.servlet.WebDriverContextCustomizerFactory$Customizer@1328554b, org.springframework.boot.test.context.filter.ExcludeFilterContextCustomizer@24aa4d29, org.springframework.boot.test.json.DuplicateJsonObjectContextCustomizerFactory$DuplicateJsonObjectContextCustomizer@4495383b, org.springframework.boot.test.mock.mockito.MockitoContextCustomizer@0, org.springframework.boot.test.web.client.TestRestTemplateContextCustomizer@3fb33f39], resourceBasePath = 'src/main/webapp', contextLoader = 'org.springframework.boot.test.context.SpringBootContextLoader', parent = [null]], attributes = map['org.springframework.test.context.web.ServletTestExecutionListener.activateListener' -> false]], class annotated with @DirtiesContext [false] with mode [null].
18:52:39.964 [Test worker] DEBUG org.springframework.test.annotation.ProfileValueUtils - Retrieved @ProfileValueSourceConfiguration [null] for test class [com.me.book.springboot.web.IndexControllerTest]
18:52:39.964 [Test worker] DEBUG org.springframework.test.annotation.ProfileValueUtils - Retrieved ProfileValueSource type [class org.springframework.test.annotation.SystemProfileValueSource] for class [com.me.book.springboot.web.IndexControllerTest]
18:52:39.969 [Test worker] DEBUG org.springframework.test.context.support.DependencyInjectionTestExecutionListener - Performing dependency injection for test context [[DefaultTestContext@47c5cb86 testClass = IndexControllerTest, testInstance = com.me.book.springboot.web.IndexControllerTest@5fe9c9b3, testMethod = [null], testException = [null], mergedContextConfiguration = [WebMergedContextConfiguration@66a1876c testClass = IndexControllerTest, locations = '{}', classes = '{class com.me.book.springboot.Application}', contextInitializerClasses = '[]', activeProfiles = '{}', propertySourceLocations = '{}', propertySourceProperties = '{org.springframework.boot.test.context.SpringBootTestContextBootstrapper=true, server.port=0}', contextCustomizers = set[org.springframework.boot.test.autoconfigure.properties.PropertyMappingContextCustomizer@0, org.springframework.boot.test.autoconfigure.web.servlet.WebDriverContextCustomizerFactory$Customizer@1328554b, org.springframework.boot.test.context.filter.ExcludeFilterContextCustomizer@24aa4d29, org.springframework.boot.test.json.DuplicateJsonObjectContextCustomizerFactory$DuplicateJsonObjectContextCustomizer@4495383b, org.springframework.boot.test.mock.mockito.MockitoContextCustomizer@0, org.springframework.boot.test.web.client.TestRestTemplateContextCustomizer@3fb33f39], resourceBasePath = 'src/main/webapp', contextLoader = 'org.springframework.boot.test.context.SpringBootContextLoader', parent = [null]], attributes = map['org.springframework.test.context.web.ServletTestExecutionListener.activateListener' -> false]]].
18:52:39.996 [Test worker] DEBUG org.springframework.test.context.support.TestPropertySourceUtils - Adding inlined properties to environment: {spring.jmx.enabled=false, org.springframework.boot.test.context.SpringBootTestContextBootstrapper=true, server.port=0}

  .   ____          _            __ _ _
 /\\ / ___'_ __ _ _(_)_ __  __ _ \ \ \ \
( ( )\___ | '_ | '_| | '_ \/ _` | \ \ \ \
 \\/  ___)| |_)| | | | | || (_| |  ) ) ) )
  '  |____| .__|_| |_|_| |_\__, | / / / /
 =========|_|==============|___/=/_/_/_/
 :: Spring Boot ::        (v2.1.7.RELEASE)

2022-04-14 18:52:40.941  INFO 1474 --- [    Test worker] c.m.b.s.web.IndexControllerTest          : Starting IndexControllerTest on gimsubin-ui-MacBookAir.local with PID 1474 (started by kimsubeen in /Users/kimsubeen/IdeaProjects/springboot-webservice/springboot-webservice)
2022-04-14 18:52:40.943  INFO 1474 --- [    Test worker] c.m.b.s.web.IndexControllerTest          : No active profile set, falling back to default profiles: default
2022-04-14 18:52:42.096  INFO 1474 --- [    Test worker] .s.d.r.c.RepositoryConfigurationDelegate : Bootstrapping Spring Data repositories in DEFAULT mode.
2022-04-14 18:52:42.206  INFO 1474 --- [    Test worker] .s.d.r.c.RepositoryConfigurationDelegate : Finished Spring Data repository scanning in 101ms. Found 2 repository interfaces.
2022-04-14 18:52:43.217  INFO 1474 --- [    Test worker] trationDelegate$BeanPostProcessorChecker : Bean 'org.springframework.transaction.annotation.ProxyTransactionManagementConfiguration' of type [org.springframework.transaction.annotation.ProxyTransactionManagementConfiguration$$EnhancerBySpringCGLIB$$56dcabc0] is not eligible for getting processed by all BeanPostProcessors (for example: not eligible for auto-proxying)
2022-04-14 18:52:43.896  INFO 1474 --- [    Test worker] o.s.b.w.embedded.tomcat.TomcatWebServer  : Tomcat initialized with port(s): 0 (http)
2022-04-14 18:52:43.939  INFO 1474 --- [    Test worker] o.apache.catalina.core.StandardService   : Starting service [Tomcat]
2022-04-14 18:52:43.940  INFO 1474 --- [    Test worker] org.apache.catalina.core.StandardEngine  : Starting Servlet engine: [Apache Tomcat/9.0.22]
2022-04-14 18:52:44.124  INFO 1474 --- [    Test worker] o.a.c.c.C.[Tomcat].[localhost].[/]       : Initializing Spring embedded WebApplicationContext
2022-04-14 18:52:44.125  INFO 1474 --- [    Test worker] o.s.web.context.ContextLoader            : Root WebApplicationContext: initialization completed in 3130 ms
2022-04-14 18:52:44.564  INFO 1474 --- [    Test worker] com.zaxxer.hikari.HikariDataSource       : HikariPool-1 - Starting...
2022-04-14 18:52:44.749  INFO 1474 --- [    Test worker] com.zaxxer.hikari.HikariDataSource       : HikariPool-1 - Start completed.
2022-04-14 18:52:45.025  INFO 1474 --- [    Test worker] o.hibernate.jpa.internal.util.LogHelper  : HHH000204: Processing PersistenceUnitInfo [
	name: default
	...]
2022-04-14 18:52:45.092  INFO 1474 --- [    Test worker] org.hibernate.Version                    : HHH000412: Hibernate Core {5.3.10.Final}
2022-04-14 18:52:45.096  INFO 1474 --- [    Test worker] org.hibernate.cfg.Environment            : HHH000206: hibernate.properties not found
2022-04-14 18:52:45.250  INFO 1474 --- [    Test worker] o.hibernate.annotations.common.Version   : HCANN000001: Hibernate Commons Annotations {5.0.4.Final}
2022-04-14 18:52:45.465  INFO 1474 --- [    Test worker] org.hibernate.dialect.Dialect            : HHH000400: Using dialect: org.hibernate.dialect.MySQL5InnoDBDialect
Hibernate: drop table if exists posts
Hibernate: drop table if exists user
Hibernate: create table posts (id bigint not null auto_increment, created_date datetime, modified_date datetime, author varchar(255), content TEXT not null, title varchar(500) not null, primary key (id)) engine=InnoDB
Hibernate: create table user (id bigint not null auto_increment, created_date datetime, modified_date datetime, email varchar(255) not null, name varchar(255) not null, picture varchar(255), role varchar(255) not null, primary key (id)) engine=InnoDB
2022-04-14 18:52:46.172  INFO 1474 --- [    Test worker] o.h.t.schema.internal.SchemaCreatorImpl  : HHH000476: Executing import script 'org.hibernate.tool.schema.internal.exec.ScriptSourceInputNonExistentImpl@2a71553e'
2022-04-14 18:52:46.175  INFO 1474 --- [    Test worker] j.LocalContainerEntityManagerFactoryBean : Initialized JPA EntityManagerFactory for persistence unit 'default'
2022-04-14 18:52:47.646  INFO 1474 --- [    Test worker] o.h.h.i.QueryTranslatorFactoryInitiator  : HHH000397: Using ASTQueryTranslatorFactory
2022-04-14 18:52:48.225  INFO 1474 --- [    Test worker] o.s.s.web.DefaultSecurityFilterChain     : Creating filter chain: any request, [org.springframework.security.web.context.request.async.WebAsyncManagerIntegrationFilter@738a0f23, org.springframework.security.web.context.SecurityContextPersistenceFilter@2dabc941, org.springframework.security.web.header.HeaderWriterFilter@6889c72a, org.springframework.security.web.authentication.logout.LogoutFilter@1aba8392, org.springframework.security.oauth2.client.web.OAuth2AuthorizationRequestRedirectFilter@6cb47a67, org.springframework.security.oauth2.client.web.OAuth2LoginAuthenticationFilter@77a14031, org.springframework.security.web.authentication.ui.DefaultLoginPageGeneratingFilter@22b5a1f0, org.springframework.security.web.authentication.ui.DefaultLogoutPageGeneratingFilter@36b9ff5f, org.springframework.security.web.savedrequest.RequestCacheAwareFilter@4bb67a19, org.springframework.security.web.servletapi.SecurityContextHolderAwareRequestFilter@788d30b8, org.springframework.security.web.authentication.AnonymousAuthenticationFilter@51826e9b, org.springframework.security.web.session.SessionManagementFilter@3f61a4fc, org.springframework.security.web.access.ExceptionTranslationFilter@2b8b542a, org.springframework.security.web.access.intercept.FilterSecurityInterceptor@13ed48fc]
2022-04-14 18:52:48.826  INFO 1474 --- [    Test worker] o.s.s.concurrent.ThreadPoolTaskExecutor  : Initializing ExecutorService 'applicationTaskExecutor'
2022-04-14 18:52:48.900  WARN 1474 --- [    Test worker] aWebConfiguration$JpaWebMvcConfiguration : spring.jpa.open-in-view is enabled by default. Therefore, database queries may be performed during view rendering. Explicitly configure spring.jpa.open-in-view to disable this warning
2022-04-14 18:52:49.007  INFO 1474 --- [    Test worker] o.s.b.a.w.s.WelcomePageHandlerMapping    : Adding welcome page template: index
2022-04-14 18:52:49.575  INFO 1474 --- [    Test worker] s.a.ScheduledAnnotationBeanPostProcessor : No TaskScheduler/ScheduledExecutorService bean found for scheduled processing
2022-04-14 18:52:49.616  INFO 1474 --- [    Test worker] o.s.b.w.embedded.tomcat.TomcatWebServer  : Tomcat started on port(s): 50118 (http) with context path ''
2022-04-14 18:52:49.621  INFO 1474 --- [    Test worker] c.m.b.s.web.IndexControllerTest          : Started IndexControllerTest in 9.623 seconds (JVM running for 10.988)
2022-04-14 18:52:49.845  INFO 1474 --- [o-auto-1-exec-1] o.a.c.c.C.[Tomcat].[localhost].[/]       : Initializing Spring DispatcherServlet 'dispatcherServlet'
2022-04-14 18:52:49.846  INFO 1474 --- [o-auto-1-exec-1] o.s.web.servlet.DispatcherServlet        : Initializing Servlet 'dispatcherServlet'
2022-04-14 18:52:49.909  INFO 1474 --- [o-auto-1-exec-1] o.s.web.servlet.DispatcherServlet        : Completed initialization in 63 ms
Hibernate: select posts0_.id as id1_0_, posts0_.created_date as created_2_0_, posts0_.modified_date as modified3_0_, posts0_.author as author4_0_, posts0_.content as content5_0_, posts0_.title as title6_0_ from posts posts0_ order by posts0_.id DESC
]]></system-out>
  <system-err><![CDATA[]]></system-err>
</testsuite>
