<?xml version="1.0" encoding="UTF-8"?>
<testsuite name="com.me.book.springboot.web.PostsApiControllerTest" tests="2" skipped="0" failures="0" errors="0" timestamp="2022-04-20T09:47:34" hostname="gimsubin-ui-MacBookAir.local" time="0.488">
  <properties/>
  <testcase name="Posts_등록된다" classname="com.me.book.springboot.web.PostsApiControllerTest" time="0.417"/>
  <testcase name="Posts_수정된다" classname="com.me.book.springboot.web.PostsApiControllerTest" time="0.065"/>
  <system-out><![CDATA[2022-04-20 18:47:34.657  INFO 1226 --- [    Test worker] .b.t.c.SpringBootTestContextBootstrapper : Neither @ContextConfiguration nor @ContextHierarchy found for test class [com.me.book.springboot.web.PostsApiControllerTest], using SpringBootContextLoader
2022-04-20 18:47:34.662  INFO 1226 --- [    Test worker] o.s.t.c.support.AbstractContextLoader    : Could not detect default resource locations for test class [com.me.book.springboot.web.PostsApiControllerTest]: no resource found for suffixes {-context.xml, Context.groovy}.
2022-04-20 18:47:34.663  INFO 1226 --- [    Test worker] t.c.s.AnnotationConfigContextLoaderUtils : Could not detect default configuration classes for test class [com.me.book.springboot.web.PostsApiControllerTest]: PostsApiControllerTest does not declare any static, non-private, non-final, nested classes annotated with @Configuration.
2022-04-20 18:47:34.671  INFO 1226 --- [    Test worker] .b.t.c.SpringBootTestContextBootstrapper : Found @SpringBootConfiguration com.me.book.springboot.Application for test class com.me.book.springboot.web.PostsApiControllerTest
2022-04-20 18:47:34.678  INFO 1226 --- [    Test worker] .b.t.c.SpringBootTestContextBootstrapper : Loaded default TestExecutionListener class names from location [META-INF/spring.factories]: [org.springframework.security.test.context.support.WithSecurityContextTestExecutionListener, org.springframework.security.test.context.support.ReactorContextTestExecutionListener, org.springframework.boot.test.autoconfigure.restdocs.RestDocsTestExecutionListener, org.springframework.boot.test.autoconfigure.web.client.MockRestServiceServerResetTestExecutionListener, org.springframework.boot.test.autoconfigure.web.servlet.MockMvcPrintOnlyOnFailureTestExecutionListener, org.springframework.boot.test.autoconfigure.web.servlet.WebDriverTestExecutionListener, org.springframework.boot.test.mock.mockito.MockitoTestExecutionListener, org.springframework.boot.test.mock.mockito.ResetMocksTestExecutionListener, org.springframework.test.context.web.ServletTestExecutionListener, org.springframework.test.context.support.DirtiesContextBeforeModesTestExecutionListener, org.springframework.test.context.support.DependencyInjectionTestExecutionListener, org.springframework.test.context.support.DirtiesContextTestExecutionListener, org.springframework.test.context.transaction.TransactionalTestExecutionListener, org.springframework.test.context.jdbc.SqlScriptsTestExecutionListener]
2022-04-20 18:47:34.679  INFO 1226 --- [    Test worker] .b.t.c.SpringBootTestContextBootstrapper : Using TestExecutionListeners: [org.springframework.test.context.web.ServletTestExecutionListener@6cd179c5, org.springframework.test.context.support.DirtiesContextBeforeModesTestExecutionListener@30af6661, org.springframework.boot.test.mock.mockito.MockitoTestExecutionListener@6a3d9223, org.springframework.boot.test.autoconfigure.SpringBootDependencyInjectionTestExecutionListener@70e9d55b, org.springframework.test.context.support.DirtiesContextTestExecutionListener@179195d2, org.springframework.test.context.transaction.TransactionalTestExecutionListener@5cc6652f, org.springframework.test.context.jdbc.SqlScriptsTestExecutionListener@5aec581e, org.springframework.security.test.context.support.WithSecurityContextTestExecutionListener@64911d15, org.springframework.security.test.context.support.ReactorContextTestExecutionListener@7f352b50, org.springframework.boot.test.autoconfigure.restdocs.RestDocsTestExecutionListener@1035c684, org.springframework.boot.test.autoconfigure.web.client.MockRestServiceServerResetTestExecutionListener@28214034, org.springframework.boot.test.autoconfigure.web.servlet.MockMvcPrintOnlyOnFailureTestExecutionListener@44b48990, org.springframework.boot.test.autoconfigure.web.servlet.WebDriverTestExecutionListener@128d55fd, org.springframework.boot.test.mock.mockito.ResetMocksTestExecutionListener@2c32a0ce]
2022-04-20 18:47:34.776  INFO 1226 --- [    Test worker] o.a.c.c.C.[Tomcat].[localhost].[/]       : Initializing Spring TestDispatcherServlet ''
2022-04-20 18:47:34.777  INFO 1226 --- [    Test worker] o.s.t.web.servlet.TestDispatcherServlet  : Initializing Servlet ''
2022-04-20 18:47:34.785  INFO 1226 --- [    Test worker] o.s.t.web.servlet.TestDispatcherServlet  : Completed initialization in 8 ms
Hibernate: insert into posts (created_date, modified_date, author, content, title) values (?, ?, ?, ?, ?)
Hibernate: select posts0_.id as id1_0_, posts0_.created_date as created_2_0_, posts0_.modified_date as modified3_0_, posts0_.author as author4_0_, posts0_.content as content5_0_, posts0_.title as title6_0_ from posts posts0_
Hibernate: select posts0_.id as id1_0_, posts0_.created_date as created_2_0_, posts0_.modified_date as modified3_0_, posts0_.author as author4_0_, posts0_.content as content5_0_, posts0_.title as title6_0_ from posts posts0_
Hibernate: delete from posts where id=?
2022-04-20 18:47:35.150  INFO 1226 --- [    Test worker] o.a.c.c.C.[Tomcat].[localhost].[/]       : Initializing Spring TestDispatcherServlet ''
2022-04-20 18:47:35.151  INFO 1226 --- [    Test worker] o.s.t.web.servlet.TestDispatcherServlet  : Initializing Servlet ''
2022-04-20 18:47:35.152  INFO 1226 --- [    Test worker] o.s.t.web.servlet.TestDispatcherServlet  : Completed initialization in 1 ms
Hibernate: insert into posts (created_date, modified_date, author, content, title) values (?, ?, ?, ?, ?)
Hibernate: select posts0_.id as id1_0_0_, posts0_.created_date as created_2_0_0_, posts0_.modified_date as modified3_0_0_, posts0_.author as author4_0_0_, posts0_.content as content5_0_0_, posts0_.title as title6_0_0_ from posts posts0_ where posts0_.id=?
Hibernate: update posts set created_date=?, modified_date=?, author=?, content=?, title=? where id=?
Hibernate: select posts0_.id as id1_0_, posts0_.created_date as created_2_0_, posts0_.modified_date as modified3_0_, posts0_.author as author4_0_, posts0_.content as content5_0_, posts0_.title as title6_0_ from posts posts0_
Hibernate: select posts0_.id as id1_0_, posts0_.created_date as created_2_0_, posts0_.modified_date as modified3_0_, posts0_.author as author4_0_, posts0_.content as content5_0_, posts0_.title as title6_0_ from posts posts0_
Hibernate: delete from posts where id=?
]]></system-out>
  <system-err><![CDATA[]]></system-err>
</testsuite>
