<?xml version="1.0" encoding="UTF-8"?>
<testsuite name="com.me.book.springboot.HelloControllerTest" tests="2" skipped="0" failures="0" errors="0" timestamp="2022-04-14T09:52:54" hostname="gimsubin-ui-MacBookAir.local" time="0.11">
  <properties/>
  <testcase name="hello가_리턴된다" classname="com.me.book.springboot.HelloControllerTest" time="0.041"/>
  <testcase name="helloDto가_리턴된다" classname="com.me.book.springboot.HelloControllerTest" time="0.066"/>
  <system-out><![CDATA[2022-04-14 18:52:53.220  INFO 1474 --- [    Test worker] .b.t.a.w.s.WebMvcTestContextBootstrapper : Neither @ContextConfiguration nor @ContextHierarchy found for test class [com.me.book.springboot.HelloControllerTest], using SpringBootContextLoader
2022-04-14 18:52:53.223  INFO 1474 --- [    Test worker] o.s.t.c.support.AbstractContextLoader    : Could not detect default resource locations for test class [com.me.book.springboot.HelloControllerTest]: no resource found for suffixes {-context.xml, Context.groovy}.
2022-04-14 18:52:53.223  INFO 1474 --- [    Test worker] t.c.s.AnnotationConfigContextLoaderUtils : Could not detect default configuration classes for test class [com.me.book.springboot.HelloControllerTest]: HelloControllerTest does not declare any static, non-private, non-final, nested classes annotated with @Configuration.
2022-04-14 18:52:53.263  INFO 1474 --- [    Test worker] .b.t.c.SpringBootTestContextBootstrapper : Found @SpringBootConfiguration com.me.book.springboot.Application for test class com.me.book.springboot.HelloControllerTest
2022-04-14 18:52:53.269  INFO 1474 --- [    Test worker] .b.t.a.w.s.WebMvcTestContextBootstrapper : Loaded default TestExecutionListener class names from location [META-INF/spring.factories]: [org.springframework.security.test.context.support.WithSecurityContextTestExecutionListener, org.springframework.security.test.context.support.ReactorContextTestExecutionListener, org.springframework.boot.test.autoconfigure.restdocs.RestDocsTestExecutionListener, org.springframework.boot.test.autoconfigure.web.client.MockRestServiceServerResetTestExecutionListener, org.springframework.boot.test.autoconfigure.web.servlet.MockMvcPrintOnlyOnFailureTestExecutionListener, org.springframework.boot.test.autoconfigure.web.servlet.WebDriverTestExecutionListener, org.springframework.boot.test.mock.mockito.MockitoTestExecutionListener, org.springframework.boot.test.mock.mockito.ResetMocksTestExecutionListener, org.springframework.test.context.web.ServletTestExecutionListener, org.springframework.test.context.support.DirtiesContextBeforeModesTestExecutionListener, org.springframework.test.context.support.DependencyInjectionTestExecutionListener, org.springframework.test.context.support.DirtiesContextTestExecutionListener, org.springframework.test.context.transaction.TransactionalTestExecutionListener, org.springframework.test.context.jdbc.SqlScriptsTestExecutionListener]
2022-04-14 18:52:53.271  INFO 1474 --- [    Test worker] .b.t.a.w.s.WebMvcTestContextBootstrapper : Using TestExecutionListeners: [org.springframework.test.context.web.ServletTestExecutionListener@3538225b, org.springframework.test.context.support.DirtiesContextBeforeModesTestExecutionListener@1c8ab4ba, org.springframework.boot.test.mock.mockito.MockitoTestExecutionListener@8204e7b, org.springframework.boot.test.autoconfigure.SpringBootDependencyInjectionTestExecutionListener@143d242, org.springframework.test.context.support.DirtiesContextTestExecutionListener@751d12cb, org.springframework.test.context.transaction.TransactionalTestExecutionListener@3cfb47b6, org.springframework.test.context.jdbc.SqlScriptsTestExecutionListener@36a285c4, org.springframework.security.test.context.support.WithSecurityContextTestExecutionListener@29ec9090, org.springframework.security.test.context.support.ReactorContextTestExecutionListener@347a442c, org.springframework.boot.test.autoconfigure.restdocs.RestDocsTestExecutionListener@525a63e2, org.springframework.boot.test.autoconfigure.web.client.MockRestServiceServerResetTestExecutionListener@70f440c8, org.springframework.boot.test.autoconfigure.web.servlet.MockMvcPrintOnlyOnFailureTestExecutionListener@3d513656, org.springframework.boot.test.autoconfigure.web.servlet.WebDriverTestExecutionListener@5b6c5ef4, org.springframework.boot.test.mock.mockito.ResetMocksTestExecutionListener@5aa87308]

  .   ____          _            __ _ _
 /\\ / ___'_ __ _ _(_)_ __  __ _ \ \ \ \
( ( )\___ | '_ | '_| | '_ \/ _` | \ \ \ \
 \\/  ___)| |_)| | | | | || (_| |  ) ) ) )
  '  |____| .__|_| |_|_| |_\__, | / / / /
 =========|_|==============|___/=/_/_/_/
 :: Spring Boot ::        (v2.1.7.RELEASE)

2022-04-14 18:52:53.314  INFO 1474 --- [    Test worker] c.m.book.springboot.HelloControllerTest  : Starting HelloControllerTest on gimsubin-ui-MacBookAir.local with PID 1474 (started by kimsubeen in /Users/kimsubeen/IdeaProjects/springboot-webservice/springboot-webservice)
2022-04-14 18:52:53.315  INFO 1474 --- [    Test worker] c.m.book.springboot.HelloControllerTest  : No active profile set, falling back to default profiles: default
2022-04-14 18:52:53.870  INFO 1474 --- [    Test worker] o.s.s.concurrent.ThreadPoolTaskExecutor  : Initializing ExecutorService 'applicationTaskExecutor'
2022-04-14 18:52:53.894  INFO 1474 --- [    Test worker] o.s.b.a.w.s.WelcomePageHandlerMapping    : Adding welcome page template: index
2022-04-14 18:52:54.016  INFO 1474 --- [    Test worker] .s.s.UserDetailsServiceAutoConfiguration : 

Using generated security password: b11c40fb-6429-45e4-98f1-e041a9e381c8

2022-04-14 18:52:54.077  INFO 1474 --- [    Test worker] o.s.s.web.DefaultSecurityFilterChain     : Creating filter chain: any request, [org.springframework.security.web.context.request.async.WebAsyncManagerIntegrationFilter@170203e6, org.springframework.security.web.context.SecurityContextPersistenceFilter@787abb7a, org.springframework.security.web.header.HeaderWriterFilter@3db53e25, org.springframework.security.web.csrf.CsrfFilter@20d0941a, org.springframework.security.web.authentication.logout.LogoutFilter@a5ca222, org.springframework.security.web.authentication.UsernamePasswordAuthenticationFilter@27ffe64c, org.springframework.security.web.authentication.ui.DefaultLoginPageGeneratingFilter@31333417, org.springframework.security.web.authentication.ui.DefaultLogoutPageGeneratingFilter@13ce74e0, org.springframework.security.web.authentication.www.BasicAuthenticationFilter@75a17ed9, org.springframework.security.web.savedrequest.RequestCacheAwareFilter@347d9e16, org.springframework.security.web.servletapi.SecurityContextHolderAwareRequestFilter@20addaaa, org.springframework.security.web.authentication.AnonymousAuthenticationFilter@6d6797f6, org.springframework.security.web.session.SessionManagementFilter@19e10dcd, org.springframework.security.web.access.ExceptionTranslationFilter@5343e112, org.springframework.security.web.access.intercept.FilterSecurityInterceptor@38e05d8e]
2022-04-14 18:52:54.086  INFO 1474 --- [    Test worker] o.s.b.t.m.w.SpringBootMockServletContext : Initializing Spring TestDispatcherServlet ''
2022-04-14 18:52:54.087  INFO 1474 --- [    Test worker] o.s.t.web.servlet.TestDispatcherServlet  : Initializing Servlet ''
2022-04-14 18:52:54.102  INFO 1474 --- [    Test worker] o.s.t.web.servlet.TestDispatcherServlet  : Completed initialization in 15 ms
2022-04-14 18:52:54.131  INFO 1474 --- [    Test worker] c.m.book.springboot.HelloControllerTest  : Started HelloControllerTest in 0.854 seconds (JVM running for 15.499)
]]></system-out>
  <system-err><![CDATA[]]></system-err>
</testsuite>
