<?xml version="1.0" encoding="UTF-8"?>
<testsuite name="com.me.book.springboot.domain.posts.PostsRepositoryTest" tests="2" skipped="0" failures="0" errors="0" timestamp="2022-04-20T09:47:37" hostname="gimsubin-ui-MacBookAir.local" time="0.064">
  <properties/>
  <testcase name="게시글저장_불러오기" classname="com.me.book.springboot.domain.posts.PostsRepositoryTest" time="0.054"/>
  <testcase name="BaseTimeEntity_등록" classname="com.me.book.springboot.domain.posts.PostsRepositoryTest" time="0.009"/>
  <system-out><![CDATA[2022-04-20 18:47:35.219  INFO 1226 --- [    Test worker] .b.t.c.SpringBootTestContextBootstrapper : Neither @ContextConfiguration nor @ContextHierarchy found for test class [com.me.book.springboot.domain.posts.PostsRepositoryTest], using SpringBootContextLoader
2022-04-20 18:47:35.222  INFO 1226 --- [    Test worker] o.s.t.c.support.AbstractContextLoader    : Could not detect default resource locations for test class [com.me.book.springboot.domain.posts.PostsRepositoryTest]: no resource found for suffixes {-context.xml, Context.groovy}.
2022-04-20 18:47:35.225  INFO 1226 --- [    Test worker] t.c.s.AnnotationConfigContextLoaderUtils : Could not detect default configuration classes for test class [com.me.book.springboot.domain.posts.PostsRepositoryTest]: PostsRepositoryTest does not declare any static, non-private, non-final, nested classes annotated with @Configuration.
2022-04-20 18:47:35.258  INFO 1226 --- [    Test worker] .b.t.c.SpringBootTestContextBootstrapper : Found @SpringBootConfiguration com.me.book.springboot.Application for test class com.me.book.springboot.domain.posts.PostsRepositoryTest
2022-04-20 18:47:35.266  INFO 1226 --- [    Test worker] .b.t.c.SpringBootTestContextBootstrapper : Loaded default TestExecutionListener class names from location [META-INF/spring.factories]: [org.springframework.security.test.context.support.WithSecurityContextTestExecutionListener, org.springframework.security.test.context.support.ReactorContextTestExecutionListener, org.springframework.boot.test.autoconfigure.restdocs.RestDocsTestExecutionListener, org.springframework.boot.test.autoconfigure.web.client.MockRestServiceServerResetTestExecutionListener, org.springframework.boot.test.autoconfigure.web.servlet.MockMvcPrintOnlyOnFailureTestExecutionListener, org.springframework.boot.test.autoconfigure.web.servlet.WebDriverTestExecutionListener, org.springframework.boot.test.mock.mockito.MockitoTestExecutionListener, org.springframework.boot.test.mock.mockito.ResetMocksTestExecutionListener, org.springframework.test.context.web.ServletTestExecutionListener, org.springframework.test.context.support.DirtiesContextBeforeModesTestExecutionListener, org.springframework.test.context.support.DependencyInjectionTestExecutionListener, org.springframework.test.context.support.DirtiesContextTestExecutionListener, org.springframework.test.context.transaction.TransactionalTestExecutionListener, org.springframework.test.context.jdbc.SqlScriptsTestExecutionListener]
2022-04-20 18:47:35.267  INFO 1226 --- [    Test worker] .b.t.c.SpringBootTestContextBootstrapper : Using TestExecutionListeners: [org.springframework.test.context.web.ServletTestExecutionListener@45bc8fbd, org.springframework.test.context.support.DirtiesContextBeforeModesTestExecutionListener@4c9d3e16, org.springframework.boot.test.mock.mockito.MockitoTestExecutionListener@252b0ef7, org.springframework.boot.test.autoconfigure.SpringBootDependencyInjectionTestExecutionListener@7398a56e, org.springframework.test.context.support.DirtiesContextTestExecutionListener@52780dc7, org.springframework.test.context.transaction.TransactionalTestExecutionListener@77b0e410, org.springframework.test.context.jdbc.SqlScriptsTestExecutionListener@a9110a7, org.springframework.security.test.context.support.WithSecurityContextTestExecutionListener@3c94674e, org.springframework.security.test.context.support.ReactorContextTestExecutionListener@2e10432e, org.springframework.boot.test.autoconfigure.restdocs.RestDocsTestExecutionListener@5ef0a298, org.springframework.boot.test.autoconfigure.web.client.MockRestServiceServerResetTestExecutionListener@5ce685c9, org.springframework.boot.test.autoconfigure.web.servlet.MockMvcPrintOnlyOnFailureTestExecutionListener@43d7270c, org.springframework.boot.test.autoconfigure.web.servlet.WebDriverTestExecutionListener@6ff2156b, org.springframework.boot.test.mock.mockito.ResetMocksTestExecutionListener@344d9e6f]

  .   ____          _            __ _ _
 /\\ / ___'_ __ _ _(_)_ __  __ _ \ \ \ \
( ( )\___ | '_ | '_| | '_ \/ _` | \ \ \ \
 \\/  ___)| |_)| | | | | || (_| |  ) ) ) )
  '  |____| .__|_| |_|_| |_\__, | / / / /
 =========|_|==============|___/=/_/_/_/
 :: Spring Boot ::        (v2.1.7.RELEASE)

2022-04-20 18:47:35.355  INFO 1226 --- [    Test worker] c.m.b.s.d.posts.PostsRepositoryTest      : Starting PostsRepositoryTest on gimsubin-ui-MacBookAir.local with PID 1226 (started by kimsubeen in /Users/kimsubeen/IdeaProjects/springboot-webservice/springboot-webservice)
2022-04-20 18:47:35.358  INFO 1226 --- [    Test worker] c.m.b.s.d.posts.PostsRepositoryTest      : No active profile set, falling back to default profiles: default
2022-04-20 18:47:35.849  INFO 1226 --- [    Test worker] .s.d.r.c.RepositoryConfigurationDelegate : Bootstrapping Spring Data repositories in DEFAULT mode.
2022-04-20 18:47:35.911  INFO 1226 --- [    Test worker] .s.d.r.c.RepositoryConfigurationDelegate : Finished Spring Data repository scanning in 58ms. Found 2 repository interfaces.
2022-04-20 18:47:36.097  INFO 1226 --- [    Test worker] trationDelegate$BeanPostProcessorChecker : Bean 'org.springframework.transaction.annotation.ProxyTransactionManagementConfiguration' of type [org.springframework.transaction.annotation.ProxyTransactionManagementConfiguration$$EnhancerBySpringCGLIB$$3a63e2aa] is not eligible for getting processed by all BeanPostProcessors (for example: not eligible for auto-proxying)
2022-04-20 18:47:36.208  INFO 1226 --- [    Test worker] com.zaxxer.hikari.HikariDataSource       : HikariPool-2 - Starting...
2022-04-20 18:47:36.212  INFO 1226 --- [    Test worker] com.zaxxer.hikari.HikariDataSource       : HikariPool-2 - Start completed.
2022-04-20 18:47:36.242  INFO 1226 --- [    Test worker] o.hibernate.jpa.internal.util.LogHelper  : HHH000204: Processing PersistenceUnitInfo [
	name: default
	...]
2022-04-20 18:47:36.256  INFO 1226 --- [    Test worker] org.hibernate.dialect.Dialect            : HHH000400: Using dialect: org.hibernate.dialect.MySQL5InnoDBDialect
Hibernate: drop table if exists posts
Hibernate: drop table if exists user
Hibernate: create table posts (id bigint not null auto_increment, created_date datetime, modified_date datetime, author varchar(255), content TEXT not null, title varchar(500) not null, primary key (id)) engine=InnoDB
Hibernate: create table user (id bigint not null auto_increment, created_date datetime, modified_date datetime, email varchar(255) not null, name varchar(255) not null, picture varchar(255), role varchar(255) not null, primary key (id)) engine=InnoDB
2022-04-20 18:47:36.379  INFO 1226 --- [    Test worker] o.h.t.schema.internal.SchemaCreatorImpl  : HHH000476: Executing import script 'org.hibernate.tool.schema.internal.exec.ScriptSourceInputNonExistentImpl@3712acec'
2022-04-20 18:47:36.380  INFO 1226 --- [    Test worker] j.LocalContainerEntityManagerFactoryBean : Initialized JPA EntityManagerFactory for persistence unit 'default'
2022-04-20 18:47:36.738  INFO 1226 --- [    Test worker] o.h.h.i.QueryTranslatorFactoryInitiator  : HHH000397: Using ASTQueryTranslatorFactory
2022-04-20 18:47:36.944  INFO 1226 --- [    Test worker] o.s.s.web.DefaultSecurityFilterChain     : Creating filter chain: any request, [org.springframework.security.web.context.request.async.WebAsyncManagerIntegrationFilter@77996467, org.springframework.security.web.context.SecurityContextPersistenceFilter@1113d169, org.springframework.security.web.header.HeaderWriterFilter@2a86dd61, org.springframework.security.web.authentication.logout.LogoutFilter@6d3d9ebd, org.springframework.security.oauth2.client.web.OAuth2AuthorizationRequestRedirectFilter@312429f4, org.springframework.security.oauth2.client.web.OAuth2LoginAuthenticationFilter@3371e88, org.springframework.security.web.authentication.ui.DefaultLoginPageGeneratingFilter@62aa9318, org.springframework.security.web.authentication.ui.DefaultLogoutPageGeneratingFilter@694b75ce, org.springframework.security.web.savedrequest.RequestCacheAwareFilter@73aaf579, org.springframework.security.web.servletapi.SecurityContextHolderAwareRequestFilter@6f5b53b8, org.springframework.security.web.authentication.AnonymousAuthenticationFilter@79309a9a, org.springframework.security.web.session.SessionManagementFilter@32f7e17a, org.springframework.security.web.access.ExceptionTranslationFilter@4a7515df, org.springframework.security.web.access.intercept.FilterSecurityInterceptor@1a109b89]
2022-04-20 18:47:37.344  INFO 1226 --- [    Test worker] o.s.s.concurrent.ThreadPoolTaskExecutor  : Initializing ExecutorService 'applicationTaskExecutor'
2022-04-20 18:47:37.359  WARN 1226 --- [    Test worker] aWebConfiguration$JpaWebMvcConfiguration : spring.jpa.open-in-view is enabled by default. Therefore, database queries may be performed during view rendering. Explicitly configure spring.jpa.open-in-view to disable this warning
2022-04-20 18:47:37.408  INFO 1226 --- [    Test worker] o.s.b.a.w.s.WelcomePageHandlerMapping    : Adding welcome page template: index
2022-04-20 18:47:37.759  INFO 1226 --- [    Test worker] s.a.ScheduledAnnotationBeanPostProcessor : No TaskScheduler/ScheduledExecutorService bean found for scheduled processing
2022-04-20 18:47:37.761  INFO 1226 --- [    Test worker] c.m.b.s.d.posts.PostsRepositoryTest      : Started PostsRepositoryTest in 2.483 seconds (JVM running for 14.426)
Hibernate: insert into posts (created_date, modified_date, author, content, title) values (?, ?, ?, ?, ?)
Hibernate: select posts0_.id as id1_0_, posts0_.created_date as created_2_0_, posts0_.modified_date as modified3_0_, posts0_.author as author4_0_, posts0_.content as content5_0_, posts0_.title as title6_0_ from posts posts0_
Hibernate: select posts0_.id as id1_0_, posts0_.created_date as created_2_0_, posts0_.modified_date as modified3_0_, posts0_.author as author4_0_, posts0_.content as content5_0_, posts0_.title as title6_0_ from posts posts0_
Hibernate: delete from posts where id=?
Hibernate: insert into posts (created_date, modified_date, author, content, title) values (?, ?, ?, ?, ?)
Hibernate: select posts0_.id as id1_0_, posts0_.created_date as created_2_0_, posts0_.modified_date as modified3_0_, posts0_.author as author4_0_, posts0_.content as content5_0_, posts0_.title as title6_0_ from posts posts0_
>>>>>>>>> createDate=2022-04-20T18:47:37.835, modifidedDate=2022-04-20T18:47:37.835
Hibernate: select posts0_.id as id1_0_, posts0_.created_date as created_2_0_, posts0_.modified_date as modified3_0_, posts0_.author as author4_0_, posts0_.content as content5_0_, posts0_.title as title6_0_ from posts posts0_
Hibernate: delete from posts where id=?
]]></system-out>
  <system-err><![CDATA[]]></system-err>
</testsuite>
