<?xml version="1.0" encoding="UTF-8"?>
<testsuite name="com.me.book.springboot.web.IndexControllerTest" tests="1" skipped="0" failures="0" errors="0" timestamp="2022-04-11T10:27:57" hostname="gimsubin-ui-MacBookAir.local" time="0.292">
  <properties/>
  <testcase name="메인페이지_로딩" classname="com.me.book.springboot.web.IndexControllerTest" time="0.292"/>
  <system-out><![CDATA[2022-04-11 19:27:57.541  INFO 2273 --- [    Test worker] .b.t.c.SpringBootTestContextBootstrapper : Neither @ContextConfiguration nor @ContextHierarchy found for test class [com.me.book.springboot.web.IndexControllerTest], using SpringBootContextLoader
2022-04-11 19:27:57.545  INFO 2273 --- [    Test worker] o.s.t.c.support.AbstractContextLoader    : Could not detect default resource locations for test class [com.me.book.springboot.web.IndexControllerTest]: no resource found for suffixes {-context.xml, Context.groovy}.
2022-04-11 19:27:57.545  INFO 2273 --- [    Test worker] t.c.s.AnnotationConfigContextLoaderUtils : Could not detect default configuration classes for test class [com.me.book.springboot.web.IndexControllerTest]: IndexControllerTest does not declare any static, non-private, non-final, nested classes annotated with @Configuration.
2022-04-11 19:27:57.552  INFO 2273 --- [    Test worker] .b.t.c.SpringBootTestContextBootstrapper : Found @SpringBootConfiguration com.me.book.springboot.Application for test class com.me.book.springboot.web.IndexControllerTest
2022-04-11 19:27:57.559  INFO 2273 --- [    Test worker] .b.t.c.SpringBootTestContextBootstrapper : Loaded default TestExecutionListener class names from location [META-INF/spring.factories]: [org.springframework.security.test.context.support.WithSecurityContextTestExecutionListener, org.springframework.security.test.context.support.ReactorContextTestExecutionListener, org.springframework.boot.test.autoconfigure.restdocs.RestDocsTestExecutionListener, org.springframework.boot.test.autoconfigure.web.client.MockRestServiceServerResetTestExecutionListener, org.springframework.boot.test.autoconfigure.web.servlet.MockMvcPrintOnlyOnFailureTestExecutionListener, org.springframework.boot.test.autoconfigure.web.servlet.WebDriverTestExecutionListener, org.springframework.boot.test.mock.mockito.MockitoTestExecutionListener, org.springframework.boot.test.mock.mockito.ResetMocksTestExecutionListener, org.springframework.test.context.web.ServletTestExecutionListener, org.springframework.test.context.support.DirtiesContextBeforeModesTestExecutionListener, org.springframework.test.context.support.DependencyInjectionTestExecutionListener, org.springframework.test.context.support.DirtiesContextTestExecutionListener, org.springframework.test.context.transaction.TransactionalTestExecutionListener, org.springframework.test.context.jdbc.SqlScriptsTestExecutionListener]
2022-04-11 19:27:57.560  INFO 2273 --- [    Test worker] .b.t.c.SpringBootTestContextBootstrapper : Using TestExecutionListeners: [org.springframework.test.context.web.ServletTestExecutionListener@72a7a93d, org.springframework.test.context.support.DirtiesContextBeforeModesTestExecutionListener@1af3b511, org.springframework.boot.test.mock.mockito.MockitoTestExecutionListener@2925f313, org.springframework.boot.test.autoconfigure.SpringBootDependencyInjectionTestExecutionListener@5e485f67, org.springframework.test.context.support.DirtiesContextTestExecutionListener@1169fbd2, org.springframework.test.context.transaction.TransactionalTestExecutionListener@16b58fd3, org.springframework.test.context.jdbc.SqlScriptsTestExecutionListener@108e5b7d, org.springframework.security.test.context.support.WithSecurityContextTestExecutionListener@c219d6c, org.springframework.security.test.context.support.ReactorContextTestExecutionListener@52485051, org.springframework.boot.test.autoconfigure.restdocs.RestDocsTestExecutionListener@683986dc, org.springframework.boot.test.autoconfigure.web.client.MockRestServiceServerResetTestExecutionListener@a8e7d15, org.springframework.boot.test.autoconfigure.web.servlet.MockMvcPrintOnlyOnFailureTestExecutionListener@ac44bd5, org.springframework.boot.test.autoconfigure.web.servlet.WebDriverTestExecutionListener@1a1e4804, org.springframework.boot.test.mock.mockito.ResetMocksTestExecutionListener@3e3532fd]
2022-04-11 19:27:57.707  INFO 2273 --- [o-auto-1-exec-1] o.a.c.c.C.[Tomcat].[localhost].[/]       : Initializing Spring DispatcherServlet 'dispatcherServlet'
2022-04-11 19:27:57.709  INFO 2273 --- [o-auto-1-exec-1] o.s.web.servlet.DispatcherServlet        : Initializing Servlet 'dispatcherServlet'
2022-04-11 19:27:57.718  INFO 2273 --- [o-auto-1-exec-1] o.s.web.servlet.DispatcherServlet        : Completed initialization in 9 ms
Hibernate: select posts0_.id as id1_0_, posts0_.created_date as created_2_0_, posts0_.modified_date as modified3_0_, posts0_.author as author4_0_, posts0_.content as content5_0_, posts0_.title as title6_0_ from posts posts0_ order by posts0_.id DESC
]]></system-out>
  <system-err><![CDATA[]]></system-err>
</testsuite>
